<?xml version="1.0" encoding="UTF-8"?>
<testng-results ignored="0" total="1" passed="1" failed="0" skipped="0">
  <reporter-output>
  </reporter-output>
  <suite started-at="2023-05-22T19:06:45 EET" name="Default suite" finished-at="2023-05-22T19:06:49 EET" duration-ms="4447">
    <groups>
    </groups>
    <test started-at="2023-05-22T19:06:45 EET" name="Default test" finished-at="2023-05-22T19:06:49 EET" duration-ms="4447">
      <class name="TestCase">
        <test-method is-config="true" signature="BeforeTest()[pri:0, instance:TestCase@2f4919b0]" started-at="2023-05-22T19:06:45 EET" name="BeforeTest" finished-at="2023-05-22T19:06:47 EET" duration-ms="2115" status="PASS">
          <reporter-output>
          </reporter-output>
        </test-method> <!-- BeforeTest -->
        <test-method signature="MyTestCase()[pri:0, instance:TestCase@2f4919b0]" started-at="2023-05-22T19:06:47 EET" name="MyTestCase" finished-at="2023-05-22T19:06:47 EET" duration-ms="111" status="PASS">
          <reporter-output>
          </reporter-output>
        </test-method> <!-- MyTestCase -->
        <test-method is-config="true" signature="AfterTest()[pri:0, instance:TestCase@2f4919b0]" started-at="2023-05-22T19:06:47 EET" name="AfterTest" finished-at="2023-05-22T19:06:49 EET" duration-ms="2189" status="PASS">
          <reporter-output>
          </reporter-output>
        </test-method> <!-- AfterTest -->
      </class> <!-- TestCase -->
    </test> <!-- Default test -->
  </suite> <!-- Default suite -->
</testng-results>
